State 62 conflicts: 1 shift/reduce
State 73 conflicts: 3 reduce/reduce


Grammar

    0 $accept: Tiny $end

    1 Tiny: PROGRAM Name ':' Dclns Body Name '.'

    2 Dclns: VAR Dclns_1
    3      | %empty

    4 Dclns_1: %empty
    5        | Dcln ';' Dclns_1

    6 Dcln: Dcln_1

    7 Dcln_1: Name ':' Type
    8       | Name ',' Dcln_1

    9 Type: INTEGER
   10     | BOOLEAN

   11 Body: BEGINX Body_1

   12 Body_1: Statement END
   13       | Statement ';' Body_1

   14 Statement: Name ASSIGNMENT Expression
   15          | OUTPUT '(' Expression ')'
   16          | OUTPUT '(' Statement_1
   17          | IF Expression THEN Statement Statement_1_1
   18          | WHILE Expression DO Statement
   19          | Body
   20          | %empty

   21 Statement_1_1: %empty
   22              | ELSE Statement

   23 Statement_1: Expression ')'
   24            | Expression ',' Statement_1

   25 Expression: Term
   26           | Term LTE Term
   27           | Term GTE Term
   28           | Term LT Term
   29           | Term GT Term
   30           | Term EQ Term
   31           | Term NEQ Term

   32 Term: Primary
   33     | Primary '+' Term
   34     | Primary '-' Term

   35 Primary: '-' Primary
   36        | READ
   37        | Name
   38        | INTEGER_NUM
   39        | '(' Expression ')'

   40 Name: IDENTIFIER


Terminals, with rules where they appear

$end (0) 0
'(' (40) 15 16 39
')' (41) 15 23 39
'+' (43) 33
',' (44) 8 24
'-' (45) 34 35
'.' (46) 1
':' (58) 1 7
';' (59) 5 13
error (256)
NEQ (258) 31
END (259) 12
VAR (260) 2
IDENTIFIER (261) 40
IF (262) 17
READ (263) 36
ELSE (264) 22
THEN (265) 17
GT (266) 29
EQ (267) 30
WHILE (268) 18
OUTPUT (269) 15 16
GTE (270) 27
DO (271) 18
BEGINX (272) 11
BOOLEAN (273) 10
INTEGER_NUM (274) 38
INTEGER (275) 9
LTE (276) 26
LT (277) 28
ASSIGNMENT (278) 14
PROGRAM (279) 1


Nonterminals, with rules where they appear

$accept (33)
    on left: 0
Tiny (34)
    on left: 1, on right: 0
Dclns (35)
    on left: 2 3, on right: 1
Dclns_1 (36)
    on left: 4 5, on right: 2 5
Dcln (37)
    on left: 6, on right: 5
Dcln_1 (38)
    on left: 7 8, on right: 6 8
Type (39)
    on left: 9 10, on right: 7
Body (40)
    on left: 11, on right: 1 19
Body_1 (41)
    on left: 12 13, on right: 11 13
Statement (42)
    on left: 14 15 16 17 18 19 20, on right: 12 13 17 18 22
Statement_1_1 (43)
    on left: 21 22, on right: 17
Statement_1 (44)
    on left: 23 24, on right: 16 24
Expression (45)
    on left: 25 26 27 28 29 30 31, on right: 14 15 17 18 23 24 39
Term (46)
    on left: 32 33 34, on right: 25 26 27 28 29 30 31 33 34
Primary (47)
    on left: 35 36 37 38 39, on right: 32 33 34 35
Name (48)
    on left: 40, on right: 1 7 8 14 37


State 0

    0 $accept: . Tiny $end

    PROGRAM  shift, and go to state 1

    Tiny  go to state 2


State 1

    1 Tiny: PROGRAM . Name ':' Dclns Body Name '.'

    IDENTIFIER  shift, and go to state 3

    Name  go to state 4


State 2

    0 $accept: Tiny . $end

    $end  shift, and go to state 5


State 3

   40 Name: IDENTIFIER .

    $default  reduce using rule 40 (Name)


State 4

    1 Tiny: PROGRAM Name . ':' Dclns Body Name '.'

    ':'  shift, and go to state 6


State 5

    0 $accept: Tiny $end .

    $default  accept


State 6

    1 Tiny: PROGRAM Name ':' . Dclns Body Name '.'

    VAR  shift, and go to state 7

    $default  reduce using rule 3 (Dclns)

    Dclns  go to state 8


State 7

    2 Dclns: VAR . Dclns_1

    IDENTIFIER  shift, and go to state 3

    $default  reduce using rule 4 (Dclns_1)

    Dclns_1  go to state 9
    Dcln     go to state 10
    Dcln_1   go to state 11
    Name     go to state 12


State 8

    1 Tiny: PROGRAM Name ':' Dclns . Body Name '.'

    BEGINX  shift, and go to state 13

    Body  go to state 14


State 9

    2 Dclns: VAR Dclns_1 .

    $default  reduce using rule 2 (Dclns)


State 10

    5 Dclns_1: Dcln . ';' Dclns_1

    ';'  shift, and go to state 15


State 11

    6 Dcln: Dcln_1 .

    $default  reduce using rule 6 (Dcln)


State 12

    7 Dcln_1: Name . ':' Type
    8       | Name . ',' Dcln_1

    ':'  shift, and go to state 16
    ','  shift, and go to state 17


State 13

   11 Body: BEGINX . Body_1

    IDENTIFIER  shift, and go to state 3
    IF          shift, and go to state 18
    WHILE       shift, and go to state 19
    OUTPUT      shift, and go to state 20
    BEGINX      shift, and go to state 13

    $default  reduce using rule 20 (Statement)

    Body       go to state 21
    Body_1     go to state 22
    Statement  go to state 23
    Name       go to state 24


State 14

    1 Tiny: PROGRAM Name ':' Dclns Body . Name '.'

    IDENTIFIER  shift, and go to state 3

    Name  go to state 25


State 15

    5 Dclns_1: Dcln ';' . Dclns_1

    IDENTIFIER  shift, and go to state 3

    $default  reduce using rule 4 (Dclns_1)

    Dclns_1  go to state 26
    Dcln     go to state 10
    Dcln_1   go to state 11
    Name     go to state 12


State 16

    7 Dcln_1: Name ':' . Type

    BOOLEAN  shift, and go to state 27
    INTEGER  shift, and go to state 28

    Type  go to state 29


State 17

    8 Dcln_1: Name ',' . Dcln_1

    IDENTIFIER  shift, and go to state 3

    Dcln_1  go to state 30
    Name    go to state 12


State 18

   17 Statement: IF . Expression THEN Statement Statement_1_1

    IDENTIFIER   shift, and go to state 3
    READ         shift, and go to state 31
    INTEGER_NUM  shift, and go to state 32
    '('          shift, and go to state 33
    '-'          shift, and go to state 34

    Expression  go to state 35
    Term        go to state 36
    Primary     go to state 37
    Name        go to state 38


State 19

   18 Statement: WHILE . Expression DO Statement

    IDENTIFIER   shift, and go to state 3
    READ         shift, and go to state 31
    INTEGER_NUM  shift, and go to state 32
    '('          shift, and go to state 33
    '-'          shift, and go to state 34

    Expression  go to state 39
    Term        go to state 36
    Primary     go to state 37
    Name        go to state 38


State 20

   15 Statement: OUTPUT . '(' Expression ')'
   16          | OUTPUT . '(' Statement_1

    '('  shift, and go to state 40


State 21

   19 Statement: Body .

    $default  reduce using rule 19 (Statement)


State 22

   11 Body: BEGINX Body_1 .

    $default  reduce using rule 11 (Body)


State 23

   12 Body_1: Statement . END
   13       | Statement . ';' Body_1

    END  shift, and go to state 41
    ';'  shift, and go to state 42


State 24

   14 Statement: Name . ASSIGNMENT Expression

    ASSIGNMENT  shift, and go to state 43


State 25

    1 Tiny: PROGRAM Name ':' Dclns Body Name . '.'

    '.'  shift, and go to state 44


State 26

    5 Dclns_1: Dcln ';' Dclns_1 .

    $default  reduce using rule 5 (Dclns_1)


State 27

   10 Type: BOOLEAN .

    $default  reduce using rule 10 (Type)


State 28

    9 Type: INTEGER .

    $default  reduce using rule 9 (Type)


State 29

    7 Dcln_1: Name ':' Type .

    $default  reduce using rule 7 (Dcln_1)


State 30

    8 Dcln_1: Name ',' Dcln_1 .

    $default  reduce using rule 8 (Dcln_1)


State 31

   36 Primary: READ .

    $default  reduce using rule 36 (Primary)


State 32

   38 Primary: INTEGER_NUM .

    $default  reduce using rule 38 (Primary)


State 33

   39 Primary: '(' . Expression ')'

    IDENTIFIER   shift, and go to state 3
    READ         shift, and go to state 31
    INTEGER_NUM  shift, and go to state 32
    '('          shift, and go to state 33
    '-'          shift, and go to state 34

    Expression  go to state 45
    Term        go to state 36
    Primary     go to state 37
    Name        go to state 38


State 34

   35 Primary: '-' . Primary

    IDENTIFIER   shift, and go to state 3
    READ         shift, and go to state 31
    INTEGER_NUM  shift, and go to state 32
    '('          shift, and go to state 33
    '-'          shift, and go to state 34

    Primary  go to state 46
    Name     go to state 38


State 35

   17 Statement: IF Expression . THEN Statement Statement_1_1

    THEN  shift, and go to state 47


State 36

   25 Expression: Term .
   26           | Term . LTE Term
   27           | Term . GTE Term
   28           | Term . LT Term
   29           | Term . GT Term
   30           | Term . EQ Term
   31           | Term . NEQ Term

    NEQ  shift, and go to state 48
    GT   shift, and go to state 49
    EQ   shift, and go to state 50
    GTE  shift, and go to state 51
    LTE  shift, and go to state 52
    LT   shift, and go to state 53

    $default  reduce using rule 25 (Expression)


State 37

   32 Term: Primary .
   33     | Primary . '+' Term
   34     | Primary . '-' Term

    '+'  shift, and go to state 54
    '-'  shift, and go to state 55

    $default  reduce using rule 32 (Term)


State 38

   37 Primary: Name .

    $default  reduce using rule 37 (Primary)


State 39

   18 Statement: WHILE Expression . DO Statement

    DO  shift, and go to state 56


State 40

   15 Statement: OUTPUT '(' . Expression ')'
   16          | OUTPUT '(' . Statement_1

    IDENTIFIER   shift, and go to state 3
    READ         shift, and go to state 31
    INTEGER_NUM  shift, and go to state 32
    '('          shift, and go to state 33
    '-'          shift, and go to state 34

    Statement_1  go to state 57
    Expression   go to state 58
    Term         go to state 36
    Primary      go to state 37
    Name         go to state 38


State 41

   12 Body_1: Statement END .

    $default  reduce using rule 12 (Body_1)


State 42

   13 Body_1: Statement ';' . Body_1

    IDENTIFIER  shift, and go to state 3
    IF          shift, and go to state 18
    WHILE       shift, and go to state 19
    OUTPUT      shift, and go to state 20
    BEGINX      shift, and go to state 13

    $default  reduce using rule 20 (Statement)

    Body       go to state 21
    Body_1     go to state 59
    Statement  go to state 23
    Name       go to state 24


State 43

   14 Statement: Name ASSIGNMENT . Expression

    IDENTIFIER   shift, and go to state 3
    READ         shift, and go to state 31
    INTEGER_NUM  shift, and go to state 32
    '('          shift, and go to state 33
    '-'          shift, and go to state 34

    Expression  go to state 60
    Term        go to state 36
    Primary     go to state 37
    Name        go to state 38


State 44

    1 Tiny: PROGRAM Name ':' Dclns Body Name '.' .

    $default  reduce using rule 1 (Tiny)


State 45

   39 Primary: '(' Expression . ')'

    ')'  shift, and go to state 61


State 46

   35 Primary: '-' Primary .

    $default  reduce using rule 35 (Primary)


State 47

   17 Statement: IF Expression THEN . Statement Statement_1_1

    IDENTIFIER  shift, and go to state 3
    IF          shift, and go to state 18
    WHILE       shift, and go to state 19
    OUTPUT      shift, and go to state 20
    BEGINX      shift, and go to state 13

    $default  reduce using rule 20 (Statement)

    Body       go to state 21
    Statement  go to state 62
    Name       go to state 24


State 48

   31 Expression: Term NEQ . Term

    IDENTIFIER   shift, and go to state 3
    READ         shift, and go to state 31
    INTEGER_NUM  shift, and go to state 32
    '('          shift, and go to state 33
    '-'          shift, and go to state 34

    Term     go to state 63
    Primary  go to state 37
    Name     go to state 38


State 49

   29 Expression: Term GT . Term

    IDENTIFIER   shift, and go to state 3
    READ         shift, and go to state 31
    INTEGER_NUM  shift, and go to state 32
    '('          shift, and go to state 33
    '-'          shift, and go to state 34

    Term     go to state 64
    Primary  go to state 37
    Name     go to state 38


State 50

   30 Expression: Term EQ . Term

    IDENTIFIER   shift, and go to state 3
    READ         shift, and go to state 31
    INTEGER_NUM  shift, and go to state 32
    '('          shift, and go to state 33
    '-'          shift, and go to state 34

    Term     go to state 65
    Primary  go to state 37
    Name     go to state 38


State 51

   27 Expression: Term GTE . Term

    IDENTIFIER   shift, and go to state 3
    READ         shift, and go to state 31
    INTEGER_NUM  shift, and go to state 32
    '('          shift, and go to state 33
    '-'          shift, and go to state 34

    Term     go to state 66
    Primary  go to state 37
    Name     go to state 38


State 52

   26 Expression: Term LTE . Term

    IDENTIFIER   shift, and go to state 3
    READ         shift, and go to state 31
    INTEGER_NUM  shift, and go to state 32
    '('          shift, and go to state 33
    '-'          shift, and go to state 34

    Term     go to state 67
    Primary  go to state 37
    Name     go to state 38


State 53

   28 Expression: Term LT . Term

    IDENTIFIER   shift, and go to state 3
    READ         shift, and go to state 31
    INTEGER_NUM  shift, and go to state 32
    '('          shift, and go to state 33
    '-'          shift, and go to state 34

    Term     go to state 68
    Primary  go to state 37
    Name     go to state 38


State 54

   33 Term: Primary '+' . Term

    IDENTIFIER   shift, and go to state 3
    READ         shift, and go to state 31
    INTEGER_NUM  shift, and go to state 32
    '('          shift, and go to state 33
    '-'          shift, and go to state 34

    Term     go to state 69
    Primary  go to state 37
    Name     go to state 38


State 55

   34 Term: Primary '-' . Term

    IDENTIFIER   shift, and go to state 3
    READ         shift, and go to state 31
    INTEGER_NUM  shift, and go to state 32
    '('          shift, and go to state 33
    '-'          shift, and go to state 34

    Term     go to state 70
    Primary  go to state 37
    Name     go to state 38


State 56

   18 Statement: WHILE Expression DO . Statement

    IDENTIFIER  shift, and go to state 3
    IF          shift, and go to state 18
    WHILE       shift, and go to state 19
    OUTPUT      shift, and go to state 20
    BEGINX      shift, and go to state 13

    $default  reduce using rule 20 (Statement)

    Body       go to state 21
    Statement  go to state 71
    Name       go to state 24


State 57

   16 Statement: OUTPUT '(' Statement_1 .

    $default  reduce using rule 16 (Statement)


State 58

   15 Statement: OUTPUT '(' Expression . ')'
   23 Statement_1: Expression . ')'
   24            | Expression . ',' Statement_1

    ','  shift, and go to state 72
    ')'  shift, and go to state 73


State 59

   13 Body_1: Statement ';' Body_1 .

    $default  reduce using rule 13 (Body_1)


State 60

   14 Statement: Name ASSIGNMENT Expression .

    $default  reduce using rule 14 (Statement)


State 61

   39 Primary: '(' Expression ')' .

    $default  reduce using rule 39 (Primary)


State 62

   17 Statement: IF Expression THEN Statement . Statement_1_1

    ELSE  shift, and go to state 74

    ELSE      [reduce using rule 21 (Statement_1_1)]
    $default  reduce using rule 21 (Statement_1_1)

    Statement_1_1  go to state 75


State 63

   31 Expression: Term NEQ Term .

    $default  reduce using rule 31 (Expression)


State 64

   29 Expression: Term GT Term .

    $default  reduce using rule 29 (Expression)


State 65

   30 Expression: Term EQ Term .

    $default  reduce using rule 30 (Expression)


State 66

   27 Expression: Term GTE Term .

    $default  reduce using rule 27 (Expression)


State 67

   26 Expression: Term LTE Term .

    $default  reduce using rule 26 (Expression)


State 68

   28 Expression: Term LT Term .

    $default  reduce using rule 28 (Expression)


State 69

   33 Term: Primary '+' Term .

    $default  reduce using rule 33 (Term)


State 70

   34 Term: Primary '-' Term .

    $default  reduce using rule 34 (Term)


State 71

   18 Statement: WHILE Expression DO Statement .

    $default  reduce using rule 18 (Statement)


State 72

   24 Statement_1: Expression ',' . Statement_1

    IDENTIFIER   shift, and go to state 3
    READ         shift, and go to state 31
    INTEGER_NUM  shift, and go to state 32
    '('          shift, and go to state 33
    '-'          shift, and go to state 34

    Statement_1  go to state 76
    Expression   go to state 77
    Term         go to state 36
    Primary      go to state 37
    Name         go to state 38


State 73

   15 Statement: OUTPUT '(' Expression ')' .
   23 Statement_1: Expression ')' .

    END       reduce using rule 15 (Statement)
    END       [reduce using rule 23 (Statement_1)]
    ELSE      reduce using rule 15 (Statement)
    ELSE      [reduce using rule 23 (Statement_1)]
    ';'       reduce using rule 15 (Statement)
    ';'       [reduce using rule 23 (Statement_1)]
    $default  reduce using rule 15 (Statement)


State 74

   22 Statement_1_1: ELSE . Statement

    IDENTIFIER  shift, and go to state 3
    IF          shift, and go to state 18
    WHILE       shift, and go to state 19
    OUTPUT      shift, and go to state 20
    BEGINX      shift, and go to state 13

    $default  reduce using rule 20 (Statement)

    Body       go to state 21
    Statement  go to state 78
    Name       go to state 24


State 75

   17 Statement: IF Expression THEN Statement Statement_1_1 .

    $default  reduce using rule 17 (Statement)


State 76

   24 Statement_1: Expression ',' Statement_1 .

    $default  reduce using rule 24 (Statement_1)


State 77

   23 Statement_1: Expression . ')'
   24            | Expression . ',' Statement_1

    ','  shift, and go to state 72
    ')'  shift, and go to state 79


State 78

   22 Statement_1_1: ELSE Statement .

    $default  reduce using rule 22 (Statement_1_1)


State 79

   23 Statement_1: Expression ')' .

    $default  reduce using rule 23 (Statement_1)
